<?xml version="1.0" encoding="UTF-8" ?>
<testsuite tests="17" failures="0" name="com.credit.qc.runner.TestRunner" time="14.77" errors="0" skipped="0">
  <properties>
[...]
</properties>
  <testcase classname="Verify new customer can be created" name="User login to Guru99 Bank with username and password" time="2.312"/>
  <testcase classname="Verify new customer can be created" name="Title of login page is Guru99 Bank Manager Homepage displays" time="0.008"/>
  <testcase classname="Verify new customer can be created" name="Click to New Customer on the left menu" time="1.125"/>
  <testcase classname="Verify new customer can be created" name="Enter valid values to all field to add a New Customer" time="2.039"/>
  <testcase classname="Verify new customer can be created" name="See the Customer Registered Successfully message" time="0.027"/>
  <testcase classname="Verify new customer can be created" name="Verify the correctness of Customer Registered" time="0.233"/>
  <testcase classname="Verify new customer can be created" name="Verify new customer can be created" time="0.304"/>
  <testcase classname="Verify to create new account based on the customer just created above" name="Navigate to New Account" time="2.549"/>
  <testcase classname="Verify to create new account based on the customer just created above" name="Add new account page is loaded" time="0.032"/>
  <testcase classname="Verify to create new account based on the customer just created above" name="Enter valid values to create new account" time="1.496"/>
  <testcase classname="Verify to create new account based on the customer just created above" name="Verify new account information" time="0.183"/>
  <testcase classname="Verify to create new account based on the customer just created above" name="Verify to create new account based on the customer just created above" time="0.243"/>
  <testcase classname="Verify deposit function work fine with the account just created." name="Navigate to Deposit" time="2.891"/>
  <testcase classname="Verify deposit function work fine with the account just created." name="Deposit page is loaded" time="0.028"/>
  <testcase classname="Verify deposit function work fine with the account just created." name="Enter valid values for deposit" time="0.961"/>
  <testcase classname="Verify deposit function work fine with the account just created." name="Verify deposit information" time="0.14"/>
  <testcase classname="Verify deposit function work fine with the account just created." name="Verify deposit function work fine with the account just created." time="0.199"/>
</testsuite>